<?xml version="1.0" encoding="UTF-8"?>
<!-- Generated by org.testng.reporters.JUnitReportReporter -->
<testsuite hostname="DESKTOP-M8ARC8E" name="com.slt.tests.OrangeHRMTests" tests="1" failures="0" timestamp="24 May 2021 17:12:16 GMT" time="12.767" errors="0">
  <testcase name="loginLogoutTests" time="12.767" classname="com.slt.tests.OrangeHRMTests"/>
</testsuite> <!-- com.slt.tests.OrangeHRMTests -->
