<?xml version="1.0" encoding="UTF-8"?>
<!-- Generated by org.testng.reporters.JUnitReportReporter -->
<testsuite hostname="DESKTOP-M8ARC8E" name="com.slt.tests.HomepageTests" tests="1" failures="0" timestamp="23 May 2021 15:18:49 GMT" time="4.789" errors="0">
  <testcase name="test3" time="4.789" classname="com.slt.tests.HomepageTests"/>
</testsuite> <!-- com.slt.tests.HomepageTests -->
