<?xml version="1.0" encoding="UTF-8"?>
<!-- Generated by org.testng.reporters.JUnitReportReporter -->
<testsuite skipped="0" hostname="DESKTOP-M8ARC8E" name="com.slt.tests.OrangeHRMTests" tests="2" failures="0" timestamp="29 May 2021 15:18:30 GMT" time="32.267" errors="0">
  <testcase name="loginLogoutTests" time="16.141" classname="com.slt.tests.OrangeHRMTests"/>
  <testcase name="loginLogoutTests" time="16.126" classname="com.slt.tests.OrangeHRMTests"/>
</testsuite> <!-- com.slt.tests.OrangeHRMTests -->
